<?xml version="1.0" encoding="UTF-8"?>

<beans xmlns="http://www.springframework.org/schema/beans"
	xmlns:xsi="http://www.w3.org/2001/XMLSchema-instance" xmlns:context="http://www.springframework.org/schema/context"
	xmlns:p="http://www.springframework.org/schema/p"
	xmlns:ehcache="http://ehcache-spring-annotations.googlecode.com/svn/schema/ehcache-spring"
	xmlns:task="http://www.springframework.org/schema/task" xmlns:util="http://www.springframework.org/schema/util"
	xmlns:tx="http://www.springframework.org/schema/tx"
	xsi:schemaLocation="http://www.springframework.org/schema/beans
              http://www.springframework.org/schema/beans/spring-beans-3.1.xsd
              http://www.springframework.org/schema/context
              http://www.springframework.org/schema/context/spring-context-3.1.xsd
              http://www.springframework.org/schema/tx
              http://www.springframework.org/schema/tx/spring-tx.xsd
              http://ehcache-spring-annotations.googlecode.com/svn/schema/ehcache-spring
              http://ehcache-spring-annotations.googlecode.com/svn/schema/ehcache-spring/ehcache-spring-1.2.xsd
              http://www.springframework.org/schema/task
              http://www.springframework.org/schema/task/spring-task-3.1.xsd
              http://www.springframework.org/schema/util
              http://www.springframework.org/schema/util/spring-util.xsd">

	<context:component-scan base-package="com.autonomy"
		use-default-filters="false">
	</context:component-scan>
	<bean id="autonomyConfig" class="com.autonomy.aci.client.services.impl.AciServiceImpl">
		<constructor-arg>
			<bean class="com.autonomy.aci.client.transport.impl.AciHttpClientImpl"
				p:httpClient-ref="httpClient" />
		</constructor-arg>
		<constructor-arg>
			<bean class="com.autonomy.aci.client.transport.AciServerDetails"
				p:host="${community.host}" p:port="9130" p:protocol="${discoverSearch.aci.transport.protocol}"/>
		</constructor-arg>
	</bean>
</beans>